  Game.cpp
C:\Users\gabri\Desktop\Probar mario 2\Mario the Climber\Mario the Climber\Game.cpp(22,36): warning C4244: 'argumento': conversión de 'int' a 'float'; posible pérdida de datos
C:\Users\gabri\Desktop\Probar mario 2\Mario the Climber\Mario the Climber\Game.cpp(111,66): warning C4244: 'argumento': conversión de 'const int' a 'T'; posible pérdida de datos
          with
          [
              T=float
          ]
C:\Users\gabri\Desktop\Probar mario 2\Mario the Climber\Mario the Climber\Game.cpp(118,66): warning C4244: 'argumento': conversión de 'const int' a 'T'; posible pérdida de datos
          with
          [
              T=float
          ]
C:\Users\gabri\Desktop\Probar mario 2\Mario the Climber\Mario the Climber\Game.cpp(125,66): warning C4244: 'argumento': conversión de 'const int' a 'T'; posible pérdida de datos
          with
          [
              T=float
          ]
C:\Users\gabri\Desktop\Probar mario 2\Mario the Climber\Mario the Climber\Game.cpp(132,66): warning C4244: 'argumento': conversión de 'const int' a 'T'; posible pérdida de datos
          with
          [
              T=float
          ]
C:\Users\gabri\Desktop\Probar mario 2\Mario the Climber\Mario the Climber\Game.cpp(139,66): warning C4244: 'argumento': conversión de 'const int' a 'T'; posible pérdida de datos
          with
          [
              T=float
          ]
C:\Users\gabri\Desktop\Probar mario 2\Mario the Climber\Mario the Climber\Game.cpp(146,66): warning C4244: 'argumento': conversión de 'const int' a 'T'; posible pérdida de datos
          with
          [
              T=float
          ]
C:\Users\gabri\Desktop\Probar mario 2\Mario the Climber\Mario the Climber\Game.cpp(194,45): warning C4244: 'argumento': conversión de 'const int' a 'T'; posible pérdida de datos
          with
          [
              T=float
          ]
C:\Users\gabri\Desktop\Probar mario 2\Mario the Climber\Mario the Climber\Game.cpp(210,78): warning C4244: 'argumento': conversión de 'const int' a 'T'; posible pérdida de datos
          with
          [
              T=float
          ]
C:\Users\gabri\Desktop\Probar mario 2\Mario the Climber\Mario the Climber\Game.cpp(210,60): warning C4244: 'argumento': conversión de 'const int' a 'T'; posible pérdida de datos
          with
          [
              T=float
          ]
C:\Users\gabri\Desktop\Probar mario 2\Mario the Climber\Mario the Climber\Game.cpp(211,98): warning C4244: 'argumento': conversión de 'const int' a 'T'; posible pérdida de datos
          with
          [
              T=float
          ]
C:\Users\gabri\Desktop\Probar mario 2\Mario the Climber\Mario the Climber\Game.cpp(212,107): warning C4244: 'argumento': conversión de 'const int' a 'T'; posible pérdida de datos
          with
          [
              T=float
          ]
C:\Users\gabri\Desktop\Probar mario 2\Mario the Climber\Mario the Climber\Game.cpp(213,115): warning C4244: 'argumento': conversión de 'const int' a 'T'; posible pérdida de datos
          with
          [
              T=float
          ]
C:\Users\gabri\Desktop\Probar mario 2\Mario the Climber\Mario the Climber\Game.cpp(216,82): warning C4244: 'argumento': conversión de 'const int' a 'T'; posible pérdida de datos
          with
          [
              T=float
          ]
C:\Users\gabri\Desktop\Probar mario 2\Mario the Climber\Mario the Climber\Game.cpp(216,64): warning C4244: 'argumento': conversión de 'const int' a 'T'; posible pérdida de datos
          with
          [
              T=float
          ]
C:\Users\gabri\Desktop\Probar mario 2\Mario the Climber\Mario the Climber\Game.cpp(229,84): warning C4244: 'argumento': conversión de 'const int' a 'T'; posible pérdida de datos
          with
          [
              T=float
          ]
C:\Users\gabri\Desktop\Probar mario 2\Mario the Climber\Mario the Climber\Game.cpp(242,87): warning C4244: 'argumento': conversión de 'const int' a 'T'; posible pérdida de datos
          with
          [
              T=float
          ]
C:\Users\gabri\Desktop\Probar mario 2\Mario the Climber\Mario the Climber\Game.cpp(255,89): warning C4244: 'argumento': conversión de 'const int' a 'T'; posible pérdida de datos
          with
          [
              T=float
          ]
C:\Users\gabri\Desktop\Probar mario 2\Mario the Climber\Mario the Climber\Game.cpp(293,45): warning C4244: 'argumento': conversión de 'const int' a 'T'; posible pérdida de datos
          with
          [
              T=float
          ]
C:\Users\gabri\Desktop\Probar mario 2\Mario the Climber\Mario the Climber\Game.cpp(315,45): warning C4244: 'argumento': conversión de 'const int' a 'T'; posible pérdida de datos
          with
          [
              T=float
          ]
C:\Users\gabri\Desktop\Probar mario 2\Mario the Climber\Mario the Climber\Game.cpp(350,68): warning C4244: 'argumento': conversión de 'const int' a 'T'; posible pérdida de datos
          with
          [
              T=float
          ]
  Go.cpp
  Generando código...
  Mario the Climber.vcxproj -> C:\Users\gabri\Desktop\Probar mario 2\Mario the Climber\x64\Debug\Mario the Climber.exe
